Determining if the pthread_create exist failed with the following output:
Change Dir: /home/users/kab163/TrialStuff/forKristi/CMakeFiles/CMakeTmp

Run Build Command:"/usr/bin/make" "cmTC_5c93d/fast"
/usr/bin/make -f CMakeFiles/cmTC_5c93d.dir/build.make CMakeFiles/cmTC_5c93d.dir/build
make[1]: Entering directory '/home/users/kab163/TrialStuff/forKristi/CMakeFiles/CMakeTmp'
Building CXX object CMakeFiles/cmTC_5c93d.dir/CheckSymbolExists.cxx.o
/usr/bin/c++     -o CMakeFiles/cmTC_5c93d.dir/CheckSymbolExists.cxx.o -c /home/users/kab163/TrialStuff/forKristi/CMakeFiles/CMakeTmp/CheckSymbolExists.cxx
Linking CXX executable cmTC_5c93d
/usr/bin/cmake -E cmake_link_script CMakeFiles/cmTC_5c93d.dir/link.txt --verbose=1
/usr/bin/c++       CMakeFiles/cmTC_5c93d.dir/CheckSymbolExists.cxx.o  -o cmTC_5c93d 
CMakeFiles/cmTC_5c93d.dir/CheckSymbolExists.cxx.o: In function `main':
CheckSymbolExists.cxx:(.text+0x1b): undefined reference to `pthread_create'
collect2: error: ld returned 1 exit status
CMakeFiles/cmTC_5c93d.dir/build.make:97: recipe for target 'cmTC_5c93d' failed
make[1]: *** [cmTC_5c93d] Error 1
make[1]: Leaving directory '/home/users/kab163/TrialStuff/forKristi/CMakeFiles/CMakeTmp'
Makefile:126: recipe for target 'cmTC_5c93d/fast' failed
make: *** [cmTC_5c93d/fast] Error 2

File /home/users/kab163/TrialStuff/forKristi/CMakeFiles/CMakeTmp/CheckSymbolExists.cxx:
/* */
#include <pthread.h>

int main(int argc, char** argv)
{
  (void)argv;
#ifndef pthread_create
  return ((int*)(&pthread_create))[argc];
#else
  (void)argc;
  return 0;
#endif
}

Compiling the CUDA compiler identification source file "CMakeCUDACompilerId.cu" failed.
Compiler: CMAKE_CUDA_COMPILER-NOTFOUND 
Build flags: 
Id flags:  -v;--keep;--keep-dir;tmp

The output was:
No such file or directory


Compiling the CUDA compiler identification source file "CMakeCUDACompilerId.cu" failed.
Compiler: CMAKE_CUDA_COMPILER-NOTFOUND 
Build flags: 
Id flags:  -v;--keep;--keep-dir;tmp

The output was:
No such file or directory


Determining if the pthread_create exist failed with the following output:
Change Dir: /home/users/kab163/vtkm_KBcode/MultiDevice/CMakeFiles/CMakeTmp

Run Build Command:"/usr/bin/make" "cmTC_ca1f1/fast"
/usr/bin/make -f CMakeFiles/cmTC_ca1f1.dir/build.make CMakeFiles/cmTC_ca1f1.dir/build
make[1]: Entering directory '/home/users/kab163/vtkm_KBcode/MultiDevice/CMakeFiles/CMakeTmp'
Building CXX object CMakeFiles/cmTC_ca1f1.dir/CheckSymbolExists.cxx.o
/usr/bin/c++     -o CMakeFiles/cmTC_ca1f1.dir/CheckSymbolExists.cxx.o -c /home/users/kab163/vtkm_KBcode/MultiDevice/CMakeFiles/CMakeTmp/CheckSymbolExists.cxx
Linking CXX executable cmTC_ca1f1
/usr/bin/cmake -E cmake_link_script CMakeFiles/cmTC_ca1f1.dir/link.txt --verbose=1
/usr/bin/c++       CMakeFiles/cmTC_ca1f1.dir/CheckSymbolExists.cxx.o  -o cmTC_ca1f1 
CMakeFiles/cmTC_ca1f1.dir/CheckSymbolExists.cxx.o: In function `main':
CheckSymbolExists.cxx:(.text+0x1b): undefined reference to `pthread_create'
collect2: error: ld returned 1 exit status
CMakeFiles/cmTC_ca1f1.dir/build.make:97: recipe for target 'cmTC_ca1f1' failed
make[1]: *** [cmTC_ca1f1] Error 1
make[1]: Leaving directory '/home/users/kab163/vtkm_KBcode/MultiDevice/CMakeFiles/CMakeTmp'
Makefile:126: recipe for target 'cmTC_ca1f1/fast' failed
make: *** [cmTC_ca1f1/fast] Error 2

File /home/users/kab163/vtkm_KBcode/MultiDevice/CMakeFiles/CMakeTmp/CheckSymbolExists.cxx:
/* */
#include <pthread.h>

int main(int argc, char** argv)
{
  (void)argv;
#ifndef pthread_create
  return ((int*)(&pthread_create))[argc];
#else
  (void)argc;
  return 0;
#endif
}

