Determining if the pthread_create exist failed with the following output:
Change Dir: /home/users/kab163/vtkm_KBcode/MarchingCube/CMakeFiles/CMakeTmp

Run Build Command:"/usr/bin/make" "cmTC_df9cd/fast"
/usr/bin/make -f CMakeFiles/cmTC_df9cd.dir/build.make CMakeFiles/cmTC_df9cd.dir/build
make[1]: Entering directory '/home/users/kab163/vtkm_KBcode/MarchingCube/CMakeFiles/CMakeTmp'
Building CXX object CMakeFiles/cmTC_df9cd.dir/CheckSymbolExists.cxx.o
/usr/bin/c++     -o CMakeFiles/cmTC_df9cd.dir/CheckSymbolExists.cxx.o -c /home/users/kab163/vtkm_KBcode/MarchingCube/CMakeFiles/CMakeTmp/CheckSymbolExists.cxx
Linking CXX executable cmTC_df9cd
/usr/bin/cmake -E cmake_link_script CMakeFiles/cmTC_df9cd.dir/link.txt --verbose=1
/usr/bin/c++       CMakeFiles/cmTC_df9cd.dir/CheckSymbolExists.cxx.o  -o cmTC_df9cd 
CMakeFiles/cmTC_df9cd.dir/CheckSymbolExists.cxx.o: In function `main':
CheckSymbolExists.cxx:(.text+0x1b): undefined reference to `pthread_create'
collect2: error: ld returned 1 exit status
CMakeFiles/cmTC_df9cd.dir/build.make:97: recipe for target 'cmTC_df9cd' failed
make[1]: *** [cmTC_df9cd] Error 1
make[1]: Leaving directory '/home/users/kab163/vtkm_KBcode/MarchingCube/CMakeFiles/CMakeTmp'
Makefile:126: recipe for target 'cmTC_df9cd/fast' failed
make: *** [cmTC_df9cd/fast] Error 2

File /home/users/kab163/vtkm_KBcode/MarchingCube/CMakeFiles/CMakeTmp/CheckSymbolExists.cxx:
/* */
#include <pthread.h>

int main(int argc, char** argv)
{
  (void)argv;
#ifndef pthread_create
  return ((int*)(&pthread_create))[argc];
#else
  (void)argc;
  return 0;
#endif
}

